2023-07-05T10:32:23.1609695 500 : [{"timestamp":"2023-07-05T16:32:23.120+00:00","status":500,"error":"Internal Server Error","message":"The request was rejected because the URL contained a potentially malicious String \";\"","path":"/account;1001"}]
2023-07-05T10:39:10.8302284 500 : [{"timestamp":"2023-07-05T16:39:10.770+00:00","status":500,"error":"Internal Server Error","message":"The request was rejected because the URL contained a potentially malicious String \";\"","path":"/account;1001"}]
2023-07-05T10:41:54.3528472 500 : [{"timestamp":"2023-07-05T16:41:54.291+00:00","status":500,"error":"Internal Server Error","message":"The request was rejected because the URL contained a potentially malicious String \";\"","path":"/account;1001"}]
2023-07-05T10:49:59.4415725 500 : [{"timestamp":"2023-07-05T16:49:59.428+00:00","status":500,"error":"Internal Server Error","message":"The request was rejected because the URL contained a potentially malicious String \";\"","path":"/account;1001"}]
2023-07-05T10:53:11.999609 500 : [{"timestamp":"2023-07-05T16:53:11.985+00:00","status":500,"error":"Internal Server Error","message":"The request was rejected because the URL contained a potentially malicious String \";\"","path":"/account/;1001"}]
2023-07-05T12:42:12.7911253 500 : [{"timestamp":"2023-07-05T18:42:12.760+00:00","status":500,"error":"Internal Server Error","message":"The request was rejected because the URL contained a potentially malicious String \";\"","path":"/account/;1001"}]
2023-07-05T12:51:40.4018662 500 : [{"timestamp":"2023-07-05T18:51:40.386+00:00","status":500,"error":"Internal Server Error","message":"The request was rejected because the URL contained a potentially malicious String \";\"","path":"/account/;2001"}]
2023-07-05T12:59:35.0776269 500 : [{"timestamp":"2023-07-05T18:59:20.626+00:00","status":500,"error":"Internal Server Error","message":"The request was rejected because the URL contained a potentially malicious String \";\"","path":"/;account/2001"}]
2023-07-05T13:10:19.4621938 500 : [{"timestamp":"2023-07-05T19:10:19.449+00:00","status":500,"error":"Internal Server Error","message":"The request was rejected because the URL contained a potentially malicious String \";\"","path":"/;account/2001"}]
2023-07-05T13:12:08.7417717 500 : [{"timestamp":"2023-07-05T19:11:56.035+00:00","status":500,"error":"Internal Server Error","message":"The request was rejected because the URL contained a potentially malicious String \";\"","path":"/;account/2001"}]
2023-07-05T13:46:12.6832981 404 : [{"timestamp":"2023-07-05T19:46:12.669+00:00","status":404,"error":"Not Found","message":"Account not found","path":"/account/1003"}]
2023-07-05T13:49:03.1564446 404 : [{"timestamp":"2023-07-05T19:49:03.136+00:00","status":404,"error":"Not Found","message":"Account not found","path":"/account/1003"}]
2023-07-05T13:49:03.1719627 404 : [{"timestamp":"2023-07-05T19:49:03.170+00:00","status":404,"error":"Not Found","message":"Account not found","path":"/account/0"}]
2023-07-05T13:54:17.2313887 404 : [{"timestamp":"2023-07-05T19:54:17.167+00:00","status":404,"error":"Not Found","message":"Account not found","path":"/account/1003"}]
2023-07-05T13:56:20.4951165 404 : [{"timestamp":"2023-07-05T19:56:20.490+00:00","status":404,"error":"Not Found","message":"Account not found","path":"/account/0"}]
2023-07-05T13:57:11.5011771 404 : [{"timestamp":"2023-07-05T19:57:11.475+00:00","status":404,"error":"Not Found","message":"Account not found","path":"/account/1003"}]
2023-07-05T14:00:01.7202759 404 : [{"timestamp":"2023-07-05T20:00:01.675+00:00","status":404,"error":"Not Found","message":"Account not found","path":"/account/1003"}]
2023-07-05T14:02:30.1747614 404 : [{"timestamp":"2023-07-05T20:02:30.147+00:00","status":404,"error":"Not Found","message":"Account not found","path":"/account/1003"}]
2023-07-05T14:04:10.7242503 404 : [{"timestamp":"2023-07-05T20:04:10.685+00:00","status":404,"error":"Not Found","message":"Account not found","path":"/account/1003"}]
2023-07-05T14:05:10.9074454 404 : [{"timestamp":"2023-07-05T20:05:10.878+00:00","status":404,"error":"Not Found","message":"Account not found","path":"/account/1003"}]
2023-07-05T13:15:00.8386264 401 : [no body]
2023-07-05T13:15:24.3061472 401 : [no body]
2023-07-05T14:00:18.0474088 500 : [{"timestamp":"2023-07-05T21:00:18.025+00:00","status":500,"error":"Internal Server Error","message":"The request was rejected because the URL contained a potentially malicious String \";\"","path":"/;account/1001"}]
2023-07-05T14:01:12.3692993 500 : [{"timestamp":"2023-07-05T21:01:12.359+00:00","status":500,"error":"Internal Server Error","message":"The request was rejected because the URL contained a potentially malicious String \";\"","path":"/;account/user/1001"}]
2023-07-05T14:03:30.5453944 500 : [{"timestamp":"2023-07-05T21:03:30.534+00:00","status":500,"error":"Internal Server Error","message":"The request was rejected because the URL contained a potentially malicious String \";\"","path":"/;account/user/1001"}]
2023-07-05T14:03:30.5599581 500 : [{"timestamp":"2023-07-05T21:03:30.557+00:00","status":500,"error":"Internal Server Error","message":"The request was rejected because the URL contained a potentially malicious String \";\"","path":"/;account/0"}]
2023-07-05T15:09:13.8039088 500 : [{"timestamp":"2023-07-05T21:09:13.786+00:00","status":500,"error":"Internal Server Error","message":"The request was rejected because the URL contained a potentially malicious String \";\"","path":"/;account/user/1003"}]
2023-07-05T15:09:13.8236935 500 : [{"timestamp":"2023-07-05T21:09:13.817+00:00","status":500,"error":"Internal Server Error","message":"The request was rejected because the URL contained a potentially malicious String \";\"","path":"/;account/0"}]
2023-07-05T15:13:04.4281937 500 : [{"timestamp":"2023-07-05T21:13:04.414+00:00","status":500,"error":"Internal Server Error","message":"The request was rejected because the URL contained a potentially malicious String \";\"","path":"/;account/user/1003"}]
2023-07-05T15:14:59.659489 500 : [{"timestamp":"2023-07-05T21:14:59.611+00:00","status":500,"error":"Internal Server Error","message":"The request was rejected because the URL contained a potentially malicious String \";\"","path":"/;account/user/1003"}]
